<?xml version="1.0" encoding="UTF-8"?>
<!-- Generated by org.testng.reporters.JUnitReportReporter -->
<testsuite skipped="0" hostname="Robins-Air.fios-router.home" name="com.mycompany.app.Module" tests="1" failures="0" timestamp="03 Mar 2019 07:49:04 GMT" time="0.017" errors="0">
  <testcase name="Opener1" time="0.017" classname="com.mycompany.app.Module"/>
</testsuite> <!-- com.mycompany.app.Module -->
