<?xml version="1.0" encoding="UTF-8"?>
<!-- Generated by org.testng.reporters.JUnitReportReporter -->
<testsuite skipped="0" hostname="Robins-Air.fios-router.home" name="com.mycompany.app.ModuleTest" tests="1" failures="0" timestamp="03 Mar 2019 23:19:46 GMT" time="0.010" errors="0">
  <testcase name="Opener1" time="0.010" classname="com.mycompany.app.ModuleTest"/>
</testsuite> <!-- com.mycompany.app.ModuleTest -->
